<?xml version="1.0" encoding="UTF-8"?>
<!-- Generated by org.testng.reporters.JUnitReportReporter -->
<testsuite skipped="0" hostname="FP-PC" name="testng.TestNgGroup1" tests="2" failures="0" timestamp="19 Aug 2017 10:56:52 GMT" time="0.031" errors="0">
  <testcase name="firstSmTest" time="0.015" classname="testng.TestNgGroup1"/>
  <testcase name="secondSmTest" time="0.016" classname="testng.TestNgGroup1"/>
</testsuite> <!-- testng.TestNgGroup1 -->
