<?xml version="1.0" encoding="UTF-8"?>
<!-- Generated by org.testng.reporters.JUnitReportReporter -->
<testsuite hostname="FP-PC" name="testng.TestNgGroup1" tests="1" failures="0" timestamp="5 Jul 2017 14:16:50 GMT" time="0.016" errors="0">
  <testcase name="firstRgTest" time="0.016" classname="testng.TestNgGroup1"/>
</testsuite> <!-- testng.TestNgGroup1 -->
