<?xml version="1.0" encoding="UTF-8"?>
<!-- Generated by org.testng.reporters.JUnitReportReporter -->
<testsuite skipped="0" hostname="FP-PC" name="testng.AdminLoginTest" tests="1" failures="0" timestamp="19 Aug 2017 10:22:45 GMT" time="13.112" errors="0">
  <testcase name="appLaunch" time="13.112" classname="testng.AdminLoginTest"/>
</testsuite> <!-- testng.AdminLoginTest -->
