<?xml version="1.0" encoding="UTF-8"?>
<!-- Generated by org.testng.reporters.JUnitReportReporter -->
<testsuite hostname="FP-PC" name="testng.FirstTestNg" tests="3" failures="0" timestamp="5 Jul 2017 13:35:05 GMT" time="0.002" errors="0">
  <testcase name="startPage" time="0.001" classname="testng.FirstTestNg"/>
  <testcase name="appLogin" time="0.001" classname="testng.FirstTestNg"/>
  <testcase name="appLogout" time="0.000" classname="testng.FirstTestNg"/>
</testsuite> <!-- testng.FirstTestNg -->
