<?xml version="1.0" encoding="UTF-8"?>
<!-- Generated by org.testng.reporters.JUnitReportReporter -->
<testsuite hostname="FP-PC" name="testng.EmpListTest" tests="1" failures="0" timestamp="7 Jul 2017 03:02:45 GMT" time="4.495" errors="0">
  <testcase name="empList" time="4.495" classname="testng.EmpListTest"/>
</testsuite> <!-- testng.EmpListTest -->
