<?xml version="1.0" encoding="UTF-8"?>
<!-- Generated by org.testng.reporters.JUnitReportReporter -->
<testsuite hostname="FP-PC" name="testng.MultipleTest" tests="3" failures="0" timestamp="5 Jul 2017 13:35:05 GMT" time="0.015" errors="0">
  <testcase name="appclose" time="0.000" classname="testng.MultipleTest"/>
  <testcase name="appLaunch" time="0.015" classname="testng.MultipleTest"/>
  <testcase name="appLogin" time="0.000" classname="testng.MultipleTest"/>
</testsuite> <!-- testng.MultipleTest -->
