<?xml version="1.0" encoding="UTF-8"?>
<!-- Generated by org.testng.reporters.JUnitReportReporter -->
<testsuite skipped="0" hostname="FP-PC" name="testng.SampleTestNg" tests="1" failures="0" timestamp="15 Jul 2017 10:00:47 GMT" time="7.799" errors="0">
  <testcase name="appLaunch" time="7.799" classname="testng.SampleTestNg"/>
</testsuite> <!-- testng.SampleTestNg -->
