<?xml version="1.0" encoding="UTF-8"?>
<!-- Generated by org.testng.reporters.JUnitReportReporter -->
<testsuite hostname="FP-PC" name="testng.BeforeTestAfterTest" tests="1" failures="0" timestamp="4 Jul 2017 02:50:29 GMT" time="4.072" errors="0">
  <testcase name="appLogin" time="4.072" classname="testng.BeforeTestAfterTest"/>
</testsuite> <!-- testng.BeforeTestAfterTest -->
