<?xml version="1.0" encoding="UTF-8"?>
<!-- Generated by org.testng.reporters.JUnitReportReporter -->
<testsuite skipped="0" hostname="FP-PC" name="testng.TestNgGroup2" tests="2" failures="0" timestamp="19 Aug 2017 10:56:52 GMT" time="0.000" errors="0">
  <testcase name="thirdSmTest" time="0.000" classname="testng.TestNgGroup2"/>
  <testcase name="fourthSmTest" time="0.000" classname="testng.TestNgGroup2"/>
</testsuite> <!-- testng.TestNgGroup2 -->
