<?xml version="1.0" encoding="UTF-8"?>
<!-- Generated by org.testng.reporters.JUnitReportReporter -->
<testsuite hostname="FP-PC" name="testng.AddEmployee" tests="1" failures="0" timestamp="20 Aug 2017 07:18:44 GMT" time="9.236" errors="0">
  <testcase name="addEmp" time="9.236" classname="testng.AddEmployee"/>
</testsuite> <!-- testng.AddEmployee -->
