<?xml version="1.0" encoding="UTF-8"?>
<!-- Generated by org.testng.reporters.JUnitReportReporter -->
<testsuite skipped="0" hostname="FP-PC" name="testng.BeforeTestAferTest" tests="1" failures="0" timestamp="15 Jul 2017 09:39:19 GMT" time="3.842" errors="0">
  <testcase name="appLogin" time="3.842" classname="testng.BeforeTestAferTest"/>
</testsuite> <!-- testng.BeforeTestAferTest -->
