<?xml version="1.0" encoding="UTF-8"?>
<!-- Generated by org.testng.reporters.JUnitReportReporter -->
<testsuite hostname="FP-PC" name="testng.AddEmployee" tests="1" failures="0" timestamp="7 Jul 2017 03:02:45 GMT" time="8.624" errors="0">
  <testcase name="addEmp" time="8.624" classname="testng.AddEmployee"/>
</testsuite> <!-- testng.AddEmployee -->
