<?xml version="1.0" encoding="UTF-8"?>
<!-- Generated by org.testng.reporters.JUnitReportReporter -->
<testsuite hostname="FP-PC" name="testng.EmpListTest" tests="1" failures="0" timestamp="20 Aug 2017 07:18:43 GMT" time="4.169" errors="0">
  <testcase name="empList" time="4.169" classname="testng.EmpListTest"/>
</testsuite> <!-- testng.EmpListTest -->
