<?xml version="1.0" encoding="UTF-8"?>
<!-- Generated by org.testng.reporters.JUnitReportReporter -->
<testsuite skipped="0" hostname="FP-PC" name="testng.FirstTestNg" tests="3" failures="0" timestamp="19 Aug 2017 10:22:45 GMT" time="0.046" errors="0">
  <testcase name="appLogin" time="0.000" classname="testng.FirstTestNg"/>
  <testcase name="startPage" time="0.031" classname="testng.FirstTestNg"/>
  <testcase name="appLogout" time="0.015" classname="testng.FirstTestNg"/>
</testsuite> <!-- testng.FirstTestNg -->
