<?xml version="1.0" encoding="UTF-8"?>
<!-- Generated by org.testng.reporters.JUnitReportReporter -->
<testsuite hostname="FP-PC" name="testng.DataProviderTest" tests="3" failures="0" timestamp="5 Jul 2017 14:06:21 GMT" time="0.031" errors="0">
  <testcase name="adminLogin" time="0.000" classname="testng.DataProviderTest"/>
  <testcase name="adminLogin" time="0.016" classname="testng.DataProviderTest"/>
  <testcase name="adminLogin" time="0.015" classname="testng.DataProviderTest"/>
</testsuite> <!-- testng.DataProviderTest -->
