<?xml version="1.0" encoding="UTF-8"?>
<!-- Generated by org.testng.reporters.JUnitReportReporter -->
<testsuite hostname="FP-PC" name="testng.BeforeTestAferTest" tests="1" failures="0" timestamp="5 Jul 2017 13:35:05 GMT" time="3.417" errors="0">
  <testcase name="appLogin" time="3.417" classname="testng.BeforeTestAferTest"/>
</testsuite> <!-- testng.BeforeTestAferTest -->
