<?xml version="1.0" encoding="UTF-8"?>
<!-- Generated by org.testng.reporters.JUnitReportReporter -->
<testsuite hostname="FP-PC" name="testng.SampleTestNg" tests="1" failures="0" timestamp="5 Jul 2017 13:35:05 GMT" time="0.000" errors="0">
  <testcase name="appLaunch" time="0.000" classname="testng.SampleTestNg"/>
</testsuite> <!-- testng.SampleTestNg -->
