<?xml version="1.0" encoding="UTF-8"?>
<!-- Generated by org.testng.reporters.JUnitReportReporter -->
<testsuite skipped="0" hostname="FP-PC" name="testng.MultipleTest" tests="3" failures="0" timestamp="19 Aug 2017 10:22:45 GMT" time="0.004" errors="0">
  <testcase name="appLaunch" time="0.001" classname="testng.MultipleTest"/>
  <testcase name="appLogin" time="0.002" classname="testng.MultipleTest"/>
  <testcase name="appclose" time="0.001" classname="testng.MultipleTest"/>
</testsuite> <!-- testng.MultipleTest -->
