<?xml version="1.0" encoding="UTF-8"?>
<!-- Generated by org.testng.reporters.JUnitReportReporter -->
<testsuite hostname="FP-PC" name="testng.TestNgGroup2" tests="1" failures="0" timestamp="5 Jul 2017 14:16:50 GMT" time="0.000" errors="0">
  <testcase name="secondRgTest" time="0.000" classname="testng.TestNgGroup2"/>
</testsuite> <!-- testng.TestNgGroup2 -->
